Arguments: 
  C:\Program Files\nodejs\node.exe C:\Users\1230449\AppData\Roaming\npm\node_modules\yarn\bin\yarn.js add express

PATH: 
  C:\windows\system32;C:\windows;C:\windows\System32\Wbem;C:\windows\System32\WindowsPowerShell\v1.0\;C:\Program Files\Git\cmd;C:\Program Files\TortoiseSVN\bin;C:\Users\822464mhmg\AppData\Roaming\npm;C:\Ruby23-x64\Ruby23-x64\bin;;C:\windows\System32\WindowsPowerShell\v1.0\;C:\Program Files\TortoiseGit\bin;C:\Program Files\nodejs;C:\Python27;C:\Program Files\nodejs\;PATH=C:\windows\system32;C:\windows;C:\windows\System32\Wbem;C:\windows\System32;C:\Users\1230449\AppData\Roaming\npm

Yarn version: 
  0.24.4

Node version: 
  7.7.2

Platform: 
  win32 x64

npm manifest: 
  {
    "name": "react-express",
    "version": "1.0.0",
    "description": "A brief introduction to react and express",
    "main": "server.js",
    "scripts": {
      "start": "npm run build && babel-node server.js",
      "start:dev": "export NODE_ENV=development && npm run build:dev && nodemon --exec babel-node -- server.js",
      "start:universal": "export UNIVERSAL=true && npm run start",
      "start:dev:universal": "export NODE_ENV=development && export UNIVERSAL=true && npm run start:dev",
      "build": "NODE_ENV=production webpack -p",
      "build:dev": "webpack -d",
      "build:dev:watch": "webpack -d --watch",
      "test": "echo \"Error: no test specified\" && exit 1",
      "launch-server:dev" : "node server.js"
    },
    "repository": {
      "type": "git",
      "url": "git+https://github.com/chikkuspanicker/React-Express.git"
    },
    "keywords": [
      "React",
      "Express",
      "Node",
      "Babel",
      "Webpack",
      "Ejs"
    ],
    "author": "chikku",
    "license": "MIT",
    "bugs": {
      "url": "https://github.com/chikkuspanicker/React-Express/issues"
    },
    "homepage": "https://github.com/chikkuspanicker/React-Express#readme",
    "dependencies": {
      "babel-cli": "^6.24.1",
      "babel-core": "^6.24.1",
      "babel-preset-es2015": "^6.24.1",
      "babel-preset-react": "^6.16.0",
      "ejs": "^2.5.2",
      "express": "5.0.0-alpha.5",
      "react": "15.4.2",
      "react-dom": "15.4.2",
      "react-router-dom": "^4.0.0"
    },
    "devDependencies": {
      "babel-loader": "^6.4.1",
      "babel-register": "^6.18.0",
      "eslint": "^3.18.0",
      "eslint-config-airbnb": "^14.1.0",
      "eslint-plugin-import": "^2.2.0",
      "eslint-plugin-jsx-a11y": "^4.0.0",
      "eslint-plugin-react": "^6.10.3",
      "nodemon": "^1.11.0",
      "webpack": "2.2.1"
    }
  }

yarn manifest: 
  No manifest

Lockfile: 
  No lockfile

Trace: 
  Error: https://registry.yarnpkg.com/react-dom/-/react-dom-15.4.2.tgz: ESOCKETTIMEDOUT
      at ClientRequest.<anonymous> (C:\Users\1230449\AppData\Roaming\npm\node_modules\yarn\node_modules\request\request.js:819:19)
      at Object.onceWrapper (events.js:293:19)
      at emitNone (events.js:86:13)
      at ClientRequest.emit (events.js:188:7)
      at TLSSocket.emitTimeout (_http_client.js:679:10)
      at Object.onceWrapper (events.js:293:19)
      at emitNone (events.js:86:13)
      at TLSSocket.emit (events.js:188:7)
      at TLSSocket.Socket._onTimeout (net.js:354:8)
      at ontimeout (timers.js:380:14)
